<?xml version="1.0" encoding="UTF-8"?>
<testng-results skipped="0" failed="0" ignored="0" total="1" passed="1">
  <reporter-output>
  </reporter-output>
  <suite name="Surefire suite" duration-ms="12914" started-at="2021-04-11T20:16:18 COT" finished-at="2021-04-11T20:16:31 COT">
    <groups>
    </groups>
    <test name="Surefire test" duration-ms="12914" started-at="2021-04-11T20:16:18 COT" finished-at="2021-04-11T20:16:31 COT">
      <class name="section25.ExtentReports.Lab167ExtentReportDemoTest">
        <test-method status="PASS" signature="config()[pri:0, instance:section25.ExtentReports.Lab167ExtentReportDemoTest@5f9d02cb]" name="config" is-config="true" duration-ms="278" started-at="2021-04-11T20:16:18 COT" finished-at="2021-04-11T20:16:18 COT">
          <reporter-output>
          </reporter-output>
        </test-method> <!-- config -->
        <test-method status="PASS" signature="initialDemo()[pri:0, instance:section25.ExtentReports.Lab167ExtentReportDemoTest@5f9d02cb]" name="initialDemo" duration-ms="12605" started-at="2021-04-11T20:16:18 COT" finished-at="2021-04-11T20:16:31 COT">
          <reporter-output>
          </reporter-output>
        </test-method> <!-- initialDemo -->
      </class> <!-- section25.ExtentReports.Lab167ExtentReportDemoTest -->
    </test> <!-- Surefire test -->
  </suite> <!-- Surefire suite -->
</testng-results>
