<?xml version="1.0" encoding="UTF-8"?>
<testng-results ignored="0" total="1" passed="1" failed="0" skipped="0">
  <reporter-output>
  </reporter-output>
  <suite started-at="2021-05-25T15:09:19 COT" name="Default suite" finished-at="2021-05-25T15:09:27 COT" duration-ms="8310">
    <groups>
    </groups>
    <test started-at="2021-05-25T15:09:19 COT" name="Default test" finished-at="2021-05-25T15:09:27 COT" duration-ms="8310">
      <class name="section25.ExtentReports.Lab167ExtentReportDemoTest">
        <test-method is-config="true" signature="config()[pri:0, instance:section25.ExtentReports.Lab167ExtentReportDemoTest@1b1426f4]" started-at="2021-05-25T15:09:19 COT" name="config" finished-at="2021-05-25T15:09:20 COT" duration-ms="1098" status="PASS">
          <reporter-output>
          </reporter-output>
        </test-method> <!-- config -->
        <test-method signature="initialDemo()[pri:0, instance:section25.ExtentReports.Lab167ExtentReportDemoTest@1b1426f4]" started-at="2021-05-25T15:09:20 COT" name="initialDemo" finished-at="2021-05-25T15:09:27 COT" duration-ms="7043" status="PASS">
          <reporter-output>
          </reporter-output>
        </test-method> <!-- initialDemo -->
      </class> <!-- section25.ExtentReports.Lab167ExtentReportDemoTest -->
    </test> <!-- Default test -->
  </suite> <!-- Default suite -->
</testng-results>
